[1748872943699] Log iniciado para Service3001 na porta 3001
[1748872943699] [Service3001] Escutando na porta 3001...
[1748872943700] [Service3001] Iniciando Service3001 na porta 3001...
[1748872948414] [Service3001] Conexão aceita de 127.0.0.1:59101
[1748872948414] [Service3001] [HANDLE_CLIENT] Iniciando tratamento de conexão para 127.0.0.1:59101
[1748872948414] [Service3001] [HANDLE_CLIENT] Recebido '5' bytes de 127.0.0.1:59101. Data: 'ping'
[1748872948414] [Service3001] [HANDLE_CLIENT] Mensagem completa extraída: 'ping'
[1748872948414] [Service3001] Respondeu 'free' ao ping.
[1748872948415] [Service3001] [HANDLE_CLIENT] Recebido '147' bytes de 127.0.0.1:59101. Data: '0;1748872948322;1748872948347;0;1748872948347;1748'
[1748872948415] [Service3001] [HANDLE_CLIENT] Mensagem completa extraída: '0;1748872948322;1748872948347;0;1748872948347;1748'
[1748872948415] [Service3001] Aviso: Último elemento '' não é um timestamp válido. Usando tempo atual.
[1748872948415] [Service3001] Mensagem adicionada à fila (1): 0;1748872948322;1748872948347;0;1748872948347;1748...
[1748872948469] [Service3001] Sentimento detectado: Neutro
[1748872948469] [Service3001] Mensagem processada. Enviando para destino: 0;1748872948322;1748872948347;0;1748872948347;1748...
[1748872948473] [Service3001] [OUTBOUND_CONN] Conexão ESTABELECIDA com destino: localhost:1025
[1748872948474] [Service3001] Mensagem enviada para localhost:1025: '0;1748872948322;1748872948347;0;1748872948347;1748872948348;0;1748872948402;54;RESPONSE TIME:;80;SENTIMENTO:;Neutro;1748872948415;0;1748872948415;1748872948415;0;1748872948469;54;RESPONSE TIME:;147;SENTIMENTO:;Neutro;'
[1748872948616] [Service3001] [HANDLE_CLIENT] Recebido '5' bytes de 127.0.0.1:59101. Data: 'ping'
[1748872948616] [Service3001] [HANDLE_CLIENT] Mensagem completa extraída: 'ping'
[1748872948617] [Service3001] Respondeu 'free' ao ping.
[1748872948617] [Service3001] [HANDLE_CLIENT] Recebido '147' bytes de 127.0.0.1:59101. Data: '1;1748872948524;1748872948549;1;1748872948549;1748'
[1748872948617] [Service3001] [HANDLE_CLIENT] Mensagem completa extraída: '1;1748872948524;1748872948549;1;1748872948549;1748'
[1748872948617] [Service3001] Aviso: Último elemento '' não é um timestamp válido. Usando tempo atual.
[1748872948619] [Service3001] Mensagem adicionada à fila (1): 1;1748872948524;1748872948549;1;1748872948549;1748...
[1748872948619] [Service3001] Sentimento detectado: Neutro
[1748872948619] [Service3001] Mensagem processada. Enviando para destino: 1;1748872948524;1748872948549;1;1748872948549;1748...
[1748872948620] [Service3001] Erro inesperado ao verificar conexão do socket: module 'socket' has no attribute 'MSG_DONTWAIT'
[1748872948620] [Service3001] [OUTBOUND_CONN] Conexão existente para localhost:1025 está inativa. Fechando e removendo.
[1748872948621] [Service3001] [OUTBOUND_CONN] Conexão ESTABELECIDA com destino: localhost:1025
[1748872948621] [Service3001] Mensagem enviada para localhost:1025: '1;1748872948524;1748872948549;1;1748872948549;1748872948549;0;1748872948606;57;RESPONSE TIME:;82;SENTIMENTO:;Neutro;1748872948617;0;1748872948617;1748872948619;2;1748872948619;0;RESPONSE TIME:;95;SENTIMENTO:;Neutro;'
[1748872948771] [Service3001] [HANDLE_CLIENT] Recebido '5' bytes de 127.0.0.1:59101. Data: 'ping'
[1748872948771] [Service3001] [HANDLE_CLIENT] Mensagem completa extraída: 'ping'
[1748872948772] [Service3001] Respondeu 'free' ao ping.
[1748872948773] [Service3001] [HANDLE_CLIENT] Recebido '146' bytes de 127.0.0.1:59101. Data: '2;1748872948731;1748872948750;2;1748872948750;1748'
[1748872948773] [Service3001] [HANDLE_CLIENT] Mensagem completa extraída: '2;1748872948731;1748872948750;2;1748872948750;1748'
[1748872948775] [Service3001] Aviso: Último elemento '' não é um timestamp válido. Usando tempo atual.
[1748872948776] [Service3001] Mensagem adicionada à fila (1): 2;1748872948731;1748872948750;2;1748872948750;1748...
[1748872948790] [Service3001] Sentimento detectado: Neutro
[1748872948790] [Service3001] Mensagem processada. Enviando para destino: 2;1748872948731;1748872948750;2;1748872948750;1748...
[1748872948791] [Service3001] Erro inesperado ao verificar conexão do socket: module 'socket' has no attribute 'MSG_DONTWAIT'
[1748872948792] [Service3001] [OUTBOUND_CONN] Conexão existente para localhost:1025 está inativa. Fechando e removendo.
[1748872948794] [Service3001] [OUTBOUND_CONN] Conexão ESTABELECIDA com destino: localhost:1025
[1748872948794] [Service3001] Mensagem enviada para localhost:1025: '2;1748872948731;1748872948750;2;1748872948750;1748872948752;2;1748872948761;9;RESPONSE TIME:;30;SENTIMENTO:;Neutro;1748872948773;0;1748872948773;1748872948776;1;1748872948790;14;RESPONSE TIME:;59;SENTIMENTO:;Neutro;'
[1748872948984] [Service3001] [HANDLE_CLIENT] Recebido '5' bytes de 127.0.0.1:59101. Data: 'ping'
[1748872948984] [Service3001] [HANDLE_CLIENT] Mensagem completa extraída: 'ping'
[1748872948985] [Service3001] Respondeu 'free' ao ping.
[1748872948986] [Service3001] [HANDLE_CLIENT] Recebido '147' bytes de 127.0.0.1:59101. Data: '3;1748872948939;1748872948952;0;1748872948952;1748'
[1748872948986] [Service3001] [HANDLE_CLIENT] Mensagem completa extraída: '3;1748872948939;1748872948952;0;1748872948952;1748'
[1748872948988] [Service3001] Aviso: Último elemento '' não é um timestamp válido. Usando tempo atual.
[1748872948989] [Service3001] Mensagem adicionada à fila (1): 3;1748872948939;1748872948952;0;1748872948952;1748...
[1748872948999] [Service3001] Sentimento detectado: Neutro
[1748872948999] [Service3001] Mensagem processada. Enviando para destino: 3;1748872948939;1748872948952;0;1748872948952;1748...
[1748872949000] [Service3001] Erro inesperado ao verificar conexão do socket: module 'socket' has no attribute 'MSG_DONTWAIT'
[1748872949001] [Service3001] [OUTBOUND_CONN] Conexão existente para localhost:1025 está inativa. Fechando e removendo.
[1748872949002] [Service3001] [OUTBOUND_CONN] Conexão ESTABELECIDA com destino: localhost:1025
[1748872949002] [Service3001] Mensagem enviada para localhost:1025: '3;1748872948939;1748872948952;0;1748872948952;1748872948954;2;1748872948973;19;RESPONSE TIME:;34;SENTIMENTO:;Neutro;1748872948986;1;1748872948986;1748872948988;0;1748872948999;11;RESPONSE TIME:;60;SENTIMENTO:;Neutro;'
[1748872949184] [Service3001] [HANDLE_CLIENT] Recebido '5' bytes de 127.0.0.1:59101. Data: 'ping'
[1748872949184] [Service3001] [HANDLE_CLIENT] Mensagem completa extraída: 'ping'
[1748872949186] [Service3001] Respondeu 'free' ao ping.
[1748872949187] [Service3001] [HANDLE_CLIENT] Recebido '147' bytes de 127.0.0.1:59101. Data: '4;1748872949145;1748872949160;0;1748872949160;1748'
[1748872949187] [Service3001] [HANDLE_CLIENT] Mensagem completa extraída: '4;1748872949145;1748872949160;0;1748872949160;1748'
[1748872949188] [Service3001] Aviso: Último elemento '' não é um timestamp válido. Usando tempo atual.
[1748872949188] [Service3001] Mensagem adicionada à fila (1): 4;1748872949145;1748872949160;0;1748872949160;1748...
[1748872949196] [Service3001] Sentimento detectado: Neutro
[1748872949196] [Service3001] Mensagem processada. Enviando para destino: 4;1748872949145;1748872949160;0;1748872949160;1748...
[1748872949197] [Service3001] Erro inesperado ao verificar conexão do socket: module 'socket' has no attribute 'MSG_DONTWAIT'
[1748872949197] [Service3001] [OUTBOUND_CONN] Conexão existente para localhost:1025 está inativa. Fechando e removendo.
[1748872949198] [Service3001] [OUTBOUND_CONN] Conexão ESTABELECIDA com destino: localhost:1025
[1748872949199] [Service3001] Mensagem enviada para localhost:1025: '4;1748872949145;1748872949160;0;1748872949160;1748872949164;1;1748872949174;10;RESPONSE TIME:;29;SENTIMENTO:;Neutro;1748872949187;0;1748872949187;1748872949188;0;1748872949196;8;RESPONSE TIME:;51;SENTIMENTO:;Neutro;'
[1748872949391] [Service3001] [HANDLE_CLIENT] Recebido '5' bytes de 127.0.0.1:59101. Data: 'ping'
[1748872949391] [Service3001] [HANDLE_CLIENT] Mensagem completa extraída: 'ping'
[1748872949392] [Service3001] Respondeu 'free' ao ping.
[1748872949393] [Service3001] [HANDLE_CLIENT] Recebido '147' bytes de 127.0.0.1:59101. Data: '5;1748872949352;1748872949367;0;1748872949367;1748'
[1748872949393] [Service3001] [HANDLE_CLIENT] Mensagem completa extraída: '5;1748872949352;1748872949367;0;1748872949367;1748'
[1748872949394] [Service3001] Aviso: Último elemento '' não é um timestamp válido. Usando tempo atual.
[1748872949395] [Service3001] Mensagem adicionada à fila (1): 5;1748872949352;1748872949367;0;1748872949367;1748...
[1748872949407] [Service3001] Sentimento detectado: Neutro
[1748872949408] [Service3001] Mensagem processada. Enviando para destino: 5;1748872949352;1748872949367;0;1748872949367;1748...
[1748872949408] [Service3001] Erro inesperado ao verificar conexão do socket: module 'socket' has no attribute 'MSG_DONTWAIT'
[1748872949411] [Service3001] [OUTBOUND_CONN] Conexão existente para localhost:1025 está inativa. Fechando e removendo.
[1748872949411] [Service3001] [OUTBOUND_CONN] Conexão ESTABELECIDA com destino: localhost:1025
[1748872949412] [Service3001] Mensagem enviada para localhost:1025: '5;1748872949352;1748872949367;0;1748872949367;1748872949371;2;1748872949382;11;RESPONSE TIME:;30;SENTIMENTO:;Neutro;1748872949393;1;1748872949393;1748872949395;1;1748872949408;13;RESPONSE TIME:;56;SENTIMENTO:;Neutro;'
[1748872949593] [Service3001] [HANDLE_CLIENT] Recebido '5' bytes de 127.0.0.1:59101. Data: 'ping'
[1748872949593] [Service3001] [HANDLE_CLIENT] Mensagem completa extraída: 'ping'
[1748872949594] [Service3001] Respondeu 'free' ao ping.
[1748872949595] [Service3001] [HANDLE_CLIENT] Recebido '147' bytes de 127.0.0.1:59101. Data: '6;1748872949559;1748872949570;0;1748872949570;1748'
[1748872949595] [Service3001] [HANDLE_CLIENT] Mensagem completa extraída: '6;1748872949559;1748872949570;0;1748872949570;1748'
[1748872949597] [Service3001] Aviso: Último elemento '' não é um timestamp válido. Usando tempo atual.
[1748872949598] [Service3001] Mensagem adicionada à fila (1): 6;1748872949559;1748872949570;0;1748872949570;1748...
[1748872949606] [Service3001] Sentimento detectado: Neutro
[1748872949606] [Service3001] Mensagem processada. Enviando para destino: 6;1748872949559;1748872949570;0;1748872949570;1748...
[1748872949607] [Service3001] Erro inesperado ao verificar conexão do socket: module 'socket' has no attribute 'MSG_DONTWAIT'
[1748872949608] [Service3001] [OUTBOUND_CONN] Conexão existente para localhost:1025 está inativa. Fechando e removendo.
[1748872949610] [Service3001] [OUTBOUND_CONN] Conexão ESTABELECIDA com destino: localhost:1025
[1748872949610] [Service3001] Mensagem enviada para localhost:1025: '6;1748872949559;1748872949570;0;1748872949570;1748872949573;1;1748872949583;10;RESPONSE TIME:;24;SENTIMENTO:;Neutro;1748872949595;0;1748872949595;1748872949598;1;1748872949606;8;RESPONSE TIME:;47;SENTIMENTO:;Neutro;'
[1748872949798] [Service3001] [HANDLE_CLIENT] Recebido '5' bytes de 127.0.0.1:59101. Data: 'ping'
[1748872949798] [Service3001] [HANDLE_CLIENT] Mensagem completa extraída: 'ping'
[1748872949799] [Service3001] Respondeu 'free' ao ping.
[1748872949801] [Service3001] [HANDLE_CLIENT] Recebido '146' bytes de 127.0.0.1:59101. Data: '7;1748872949765;1748872949782;0;1748872949782;1748'
[1748872949801] [Service3001] [HANDLE_CLIENT] Mensagem completa extraída: '7;1748872949765;1748872949782;0;1748872949782;1748'
[1748872949802] [Service3001] Aviso: Último elemento '' não é um timestamp válido. Usando tempo atual.
[1748872949802] [Service3001] Mensagem adicionada à fila (1): 7;1748872949765;1748872949782;0;1748872949782;1748...
[1748872949809] [Service3001] Sentimento detectado: Neutro
[1748872949809] [Service3001] Mensagem processada. Enviando para destino: 7;1748872949765;1748872949782;0;1748872949782;1748...
[1748872949809] [Service3001] Erro inesperado ao verificar conexão do socket: module 'socket' has no attribute 'MSG_DONTWAIT'
[1748872949811] [Service3001] [OUTBOUND_CONN] Conexão existente para localhost:1025 está inativa. Fechando e removendo.
[1748872949812] [Service3001] [OUTBOUND_CONN] Conexão ESTABELECIDA com destino: localhost:1025
[1748872949812] [Service3001] Mensagem enviada para localhost:1025: '7;1748872949765;1748872949782;0;1748872949782;1748872949785;1;1748872949789;4;RESPONSE TIME:;24;SENTIMENTO:;Neutro;1748872949801;2;1748872949801;1748872949802;0;1748872949809;7;RESPONSE TIME:;44;SENTIMENTO:;Neutro;'
[1748872950004] [Service3001] [HANDLE_CLIENT] Recebido '5' bytes de 127.0.0.1:59101. Data: 'ping'
[1748872950004] [Service3001] [HANDLE_CLIENT] Mensagem completa extraída: 'ping'
[1748872950005] [Service3001] Respondeu 'free' ao ping.
[1748872950006] [Service3001] [HANDLE_CLIENT] Recebido '146' bytes de 127.0.0.1:59101. Data: '8;1748872949973;1748872949987;0;1748872949987;1748'
[1748872950007] [Service3001] [HANDLE_CLIENT] Mensagem completa extraída: '8;1748872949973;1748872949987;0;1748872949987;1748'
[1748872950009] [Service3001] Aviso: Último elemento '' não é um timestamp válido. Usando tempo atual.
[1748872950009] [Service3001] Mensagem adicionada à fila (1): 8;1748872949973;1748872949987;0;1748872949987;1748...
[1748872950011] [Service3001] Sentimento detectado: Neutro
[1748872950011] [Service3001] Mensagem processada. Enviando para destino: 8;1748872949973;1748872949987;0;1748872949987;1748...
[1748872950011] [Service3001] Erro inesperado ao verificar conexão do socket: module 'socket' has no attribute 'MSG_DONTWAIT'
[1748872950012] [Service3001] [OUTBOUND_CONN] Conexão existente para localhost:1025 está inativa. Fechando e removendo.
[1748872950013] [Service3001] [OUTBOUND_CONN] Conexão ESTABELECIDA com destino: localhost:1025
[1748872950013] [Service3001] Mensagem enviada para localhost:1025: '8;1748872949973;1748872949987;0;1748872949987;1748872949990;1;1748872949997;7;RESPONSE TIME:;24;SENTIMENTO:;Neutro;1748872950006;0;1748872950006;1748872950009;0;1748872950011;2;RESPONSE TIME:;38;SENTIMENTO:;Neutro;'
[1748872950226] [Service3001] [HANDLE_CLIENT] Recebido '5' bytes de 127.0.0.1:59101. Data: 'ping'
[1748872950226] [Service3001] [HANDLE_CLIENT] Mensagem completa extraída: 'ping'
[1748872950227] [Service3001] Respondeu 'free' ao ping.
[1748872950228] [Service3001] [HANDLE_CLIENT] Recebido '147' bytes de 127.0.0.1:59101. Data: '9;1748872950180;1748872950197;1;1748872950197;1748'
[1748872950228] [Service3001] [HANDLE_CLIENT] Mensagem completa extraída: '9;1748872950180;1748872950197;1;1748872950197;1748'
[1748872950229] [Service3001] Aviso: Último elemento '' não é um timestamp válido. Usando tempo atual.
[1748872950229] [Service3001] Mensagem adicionada à fila (1): 9;1748872950180;1748872950197;1;1748872950197;1748...
[1748872950244] [Service3001] Sentimento detectado: Neutro
[1748872950244] [Service3001] Mensagem processada. Enviando para destino: 9;1748872950180;1748872950197;1;1748872950197;1748...
[1748872950245] [Service3001] Erro inesperado ao verificar conexão do socket: module 'socket' has no attribute 'MSG_DONTWAIT'
[1748872950246] [Service3001] [OUTBOUND_CONN] Conexão existente para localhost:1025 está inativa. Fechando e removendo.
[1748872950248] [Service3001] [OUTBOUND_CONN] Conexão ESTABELECIDA com destino: localhost:1025
[1748872950248] [Service3001] Mensagem enviada para localhost:1025: '9;1748872950180;1748872950197;1;1748872950197;1748872950201;1;1748872950214;13;RESPONSE TIME:;34;SENTIMENTO:;Neutro;1748872950228;0;1748872950228;1748872950229;0;1748872950244;15;RESPONSE TIME:;64;SENTIMENTO:;Neutro;'
[1748872950397] [Service3001] [HANDLE_CLIENT] Cliente 127.0.0.1:59101 encerrou a conexão (recv retornou vazio).
[1748872950397] [Service3001] [HANDLE_CLIENT] Loop de recebimento encerrado para 127.0.0.1:59101.
[1748872950399] [Service3001] [HANDLE_CLIENT] Conexão de cliente 127.0.0.1:59101 fechada.
[1748872950401] [Service3001] [HANDLE_CLIENT] Finalizando tratamento de conexão para 127.0.0.1:59101.
[1748872952442] [Service3001] Conexão aceita de 127.0.0.1:59135
[1748872952444] [Service3001] [HANDLE_CLIENT] Iniciando tratamento de conexão para 127.0.0.1:59135
[1748872952464] [Service3001] [HANDLE_CLIENT] Recebido '5' bytes de 127.0.0.1:59135. Data: 'ping'
[1748872952465] [Service3001] [HANDLE_CLIENT] Mensagem completa extraída: 'ping'
[1748872952467] [Service3001] Respondeu 'free' ao ping.
[1748872952469] [Service3001] [HANDLE_CLIENT] Recebido '147' bytes de 127.0.0.1:59135. Data: '0;1748872952394;1748872952422;1;1748872952422;1748'
[1748872952469] [Service3001] [HANDLE_CLIENT] Mensagem completa extraída: '0;1748872952394;1748872952422;1;1748872952422;1748'
[1748872952471] [Service3001] Aviso: Último elemento '' não é um timestamp válido. Usando tempo atual.
[1748872952473] [Service3001] Mensagem adicionada à fila (1): 0;1748872952394;1748872952422;1;1748872952422;1748...
[1748872952482] [Service3001] Sentimento detectado: Neutro
[1748872952482] [Service3001] Mensagem processada. Enviando para destino: 0;1748872952394;1748872952422;1;1748872952422;1748...
[1748872952483] [Service3001] Erro inesperado ao verificar conexão do socket: module 'socket' has no attribute 'MSG_DONTWAIT'
[1748872952484] [Service3001] [OUTBOUND_CONN] Conexão existente para localhost:1025 está inativa. Fechando e removendo.
[1748872952485] [Service3001] [OUTBOUND_CONN] Conexão ESTABELECIDA com destino: localhost:1025
[1748872952486] [Service3001] Mensagem enviada para localhost:1025: '0;1748872952394;1748872952422;1;1748872952422;1748872952424;0;1748872952434;10;RESPONSE TIME:;40;SENTIMENTO:;Neutro;1748872952469;0;1748872952469;1748872952473;2;1748872952482;9;RESPONSE TIME:;88;SENTIMENTO:;Neutro;'
[1748872952836] [Service3001] [HANDLE_CLIENT] Recebido '5' bytes de 127.0.0.1:59135. Data: 'ping'
[1748872952836] [Service3001] [HANDLE_CLIENT] Mensagem completa extraída: 'ping'
[1748872952837] [Service3001] Respondeu 'free' ao ping.
[1748872952837] [Service3001] [HANDLE_CLIENT] Recebido '146' bytes de 127.0.0.1:59135. Data: '2;1748872952806;1748872952822;0;1748872952822;1748'
[1748872952837] [Service3001] [HANDLE_CLIENT] Mensagem completa extraída: '2;1748872952806;1748872952822;0;1748872952822;1748'
[1748872952838] [Service3001] Aviso: Último elemento '' não é um timestamp válido. Usando tempo atual.
[1748872952839] [Service3001] Mensagem adicionada à fila (1): 2;1748872952806;1748872952822;0;1748872952822;1748...
[1748872952845] [Service3001] Sentimento detectado: Neutro
[1748872952845] [Service3001] Mensagem processada. Enviando para destino: 2;1748872952806;1748872952822;0;1748872952822;1748...
[1748872952845] [Service3001] Erro inesperado ao verificar conexão do socket: module 'socket' has no attribute 'MSG_DONTWAIT'
[1748872952847] [Service3001] [OUTBOUND_CONN] Conexão existente para localhost:1025 está inativa. Fechando e removendo.
[1748872952849] [Service3001] [OUTBOUND_CONN] Conexão ESTABELECIDA com destino: localhost:1025
[1748872952849] [Service3001] Mensagem enviada para localhost:1025: '2;1748872952806;1748872952822;0;1748872952822;1748872952824;0;1748872952827;3;RESPONSE TIME:;21;SENTIMENTO:;Neutro;1748872952837;0;1748872952837;1748872952839;1;1748872952845;6;RESPONSE TIME:;39;SENTIMENTO:;Neutro;'
[1748872953257] [Service3001] [HANDLE_CLIENT] Recebido '5' bytes de 127.0.0.1:59135. Data: 'ping'
[1748872953257] [Service3001] [HANDLE_CLIENT] Mensagem completa extraída: 'ping'
[1748872953258] [Service3001] Respondeu 'free' ao ping.
[1748872953260] [Service3001] [HANDLE_CLIENT] Recebido '147' bytes de 127.0.0.1:59135. Data: '4;1748872953221;1748872953235;1;1748872953235;1748'
[1748872953260] [Service3001] [HANDLE_CLIENT] Mensagem completa extraída: '4;1748872953221;1748872953235;1;1748872953235;1748'
[1748872953262] [Service3001] Aviso: Último elemento '' não é um timestamp válido. Usando tempo atual.
[1748872953264] [Service3001] Mensagem adicionada à fila (1): 4;1748872953221;1748872953235;1;1748872953235;1748...
[1748872953277] [Service3001] Sentimento detectado: Neutro
[1748872953278] [Service3001] Mensagem processada. Enviando para destino: 4;1748872953221;1748872953235;1;1748872953235;1748...
[1748872953278] [Service3001] Erro inesperado ao verificar conexão do socket: module 'socket' has no attribute 'MSG_DONTWAIT'
[1748872953280] [Service3001] [OUTBOUND_CONN] Conexão existente para localhost:1025 está inativa. Fechando e removendo.
[1748872953280] [Service3001] [OUTBOUND_CONN] Conexão ESTABELECIDA com destino: localhost:1025
[1748872953281] [Service3001] Mensagem enviada para localhost:1025: '4;1748872953221;1748872953235;1;1748872953235;1748872953236;0;1748872953248;12;RESPONSE TIME:;27;SENTIMENTO:;Neutro;1748872953259;0;1748872953259;1748872953264;2;1748872953278;14;RESPONSE TIME:;57;SENTIMENTO:;Neutro;'
[1748872953674] [Service3001] [HANDLE_CLIENT] Recebido '5' bytes de 127.0.0.1:59135. Data: 'ping'
[1748872953674] [Service3001] [HANDLE_CLIENT] Mensagem completa extraída: 'ping'
[1748872953675] [Service3001] Respondeu 'free' ao ping.
[1748872953676] [Service3001] [HANDLE_CLIENT] Recebido '147' bytes de 127.0.0.1:59135. Data: '6;1748872953633;1748872953650;0;1748872953650;1748'
[1748872953676] [Service3001] [HANDLE_CLIENT] Mensagem completa extraída: '6;1748872953633;1748872953650;0;1748872953650;1748'
[1748872953677] [Service3001] Aviso: Último elemento '' não é um timestamp válido. Usando tempo atual.
[1748872953679] [Service3001] Mensagem adicionada à fila (1): 6;1748872953633;1748872953650;0;1748872953650;1748...
[1748872953681] [Service3001] Sentimento detectado: Neutro
[1748872953681] [Service3001] Mensagem processada. Enviando para destino: 6;1748872953633;1748872953650;0;1748872953650;1748...
[1748872953681] [Service3001] Erro inesperado ao verificar conexão do socket: module 'socket' has no attribute 'MSG_DONTWAIT'
[1748872953682] [Service3001] [OUTBOUND_CONN] Conexão existente para localhost:1025 está inativa. Fechando e removendo.
[1748872953683] [Service3001] [OUTBOUND_CONN] Conexão ESTABELECIDA com destino: localhost:1025
[1748872953683] [Service3001] Mensagem enviada para localhost:1025: '6;1748872953633;1748872953650;0;1748872953650;1748872953654;0;1748872953665;11;RESPONSE TIME:;32;SENTIMENTO:;Neutro;1748872953676;0;1748872953676;1748872953679;2;1748872953681;2;RESPONSE TIME:;48;SENTIMENTO:;Neutro;'
[1748872954083] [Service3001] [HANDLE_CLIENT] Recebido '5' bytes de 127.0.0.1:59135. Data: 'ping'
[1748872954083] [Service3001] [HANDLE_CLIENT] Mensagem completa extraída: 'ping'
[1748872954084] [Service3001] Respondeu 'free' ao ping.
[1748872954086] [Service3001] [HANDLE_CLIENT] Recebido '146' bytes de 127.0.0.1:59135. Data: '8;1748872954045;1748872954061;0;1748872954061;1748'
[1748872954086] [Service3001] [HANDLE_CLIENT] Mensagem completa extraída: '8;1748872954045;1748872954061;0;1748872954061;1748'
[1748872954087] [Service3001] Aviso: Último elemento '' não é um timestamp válido. Usando tempo atual.
[1748872954088] [Service3001] Mensagem adicionada à fila (1): 8;1748872954045;1748872954061;0;1748872954061;1748...
[1748872954100] [Service3001] Sentimento detectado: Neutro
[1748872954100] [Service3001] Mensagem processada. Enviando para destino: 8;1748872954045;1748872954061;0;1748872954061;1748...
[1748872954101] [Service3001] Erro inesperado ao verificar conexão do socket: module 'socket' has no attribute 'MSG_DONTWAIT'
[1748872954103] [Service3001] [OUTBOUND_CONN] Conexão existente para localhost:1025 está inativa. Fechando e removendo.
[1748872954104] [Service3001] [OUTBOUND_CONN] Conexão ESTABELECIDA com destino: localhost:1025
[1748872954104] [Service3001] Mensagem enviada para localhost:1025: '8;1748872954045;1748872954061;0;1748872954061;1748872954064;1;1748872954073;9;RESPONSE TIME:;28;SENTIMENTO:;Neutro;1748872954086;1;1748872954086;1748872954088;1;1748872954100;12;RESPONSE TIME:;55;SENTIMENTO:;Neutro;'
[1748872955098] [Service3001] [HANDLE_CLIENT] Timeout de leitura de 127.0.0.1:59135. Conexão ociosa.
[1748872955098] [Service3001] [HANDLE_CLIENT] Conexão de cliente 127.0.0.1:59135 fechada.
[1748872955099] [Service3001] [HANDLE_CLIENT] Finalizando tratamento de conexão para 127.0.0.1:59135.
[1748873054944] Log iniciado para Service3001 na porta 3001
[1748873054945] [Service3001] Escutando na porta 3001...
[1748873054947] [Service3001] Iniciando Service3001 na porta 3001...
[1748873059338] [Service3001] Conexão aceita de 127.0.0.1:59239
[1748873059339] [Service3001] [HANDLE_CLIENT] Iniciando tratamento de conexão para 127.0.0.1:59239
[1748873059354] [Service3001] [HANDLE_CLIENT] Recebido '5' bytes de 127.0.0.1:59239. Data: 'ping'
[1748873059354] [Service3001] [HANDLE_CLIENT] Mensagem completa extraída: 'ping'
[1748873059355] [Service3001] Respondeu 'free' ao ping.
[1748873059355] [Service3001] [HANDLE_CLIENT] Recebido '147' bytes de 127.0.0.1:59239. Data: '0;1748873059256;1748873059277;0;1748873059277;1748'
[1748873059355] [Service3001] [HANDLE_CLIENT] Mensagem completa extraída: '0;1748873059256;1748873059277;0;1748873059277;1748'
[1748873059355] [Service3001] Aviso: Último elemento '' não é um timestamp válido. Usando tempo atual.
[1748873059356] [Service3001] Mensagem adicionada à fila (1): 0;1748873059256;1748873059277;0;1748873059277;1748...
[1748873059417] [Service3001] Sentimento detectado: Neutro
[1748873059418] [Service3001] Mensagem processada. Enviando para destino: 0;1748873059256;1748873059277;0;1748873059277;1748...
[1748873059421] [Service3001] [OUTBOUND_CONN] Conexão ESTABELECIDA com destino: localhost:1025
[1748873059421] [Service3001] Mensagem enviada para localhost:1025: '0;1748873059256;1748873059277;0;1748873059277;1748873059278;1;1748873059328;50;RESPONSE TIME:;72;SENTIMENTO:;Neutro;1748873059355;0;1748873059355;1748873059356;1;1748873059418;62;RESPONSE TIME:;162;SENTIMENTO:;Neutro;'
[1748873059559] [Service3001] [HANDLE_CLIENT] Recebido '5' bytes de 127.0.0.1:59239. Data: 'ping'
[1748873059559] [Service3001] [HANDLE_CLIENT] Mensagem completa extraída: 'ping'
[1748873059559] [Service3001] Respondeu 'free' ao ping.
[1748873059560] [Service3001] [HANDLE_CLIENT] Recebido '147' bytes de 127.0.0.1:59239. Data: '1;1748873059457;1748873059494;1;1748873059494;1748'
[1748873059560] [Service3001] [HANDLE_CLIENT] Mensagem completa extraída: '1;1748873059457;1748873059494;1;1748873059494;1748'
[1748873059560] [Service3001] Aviso: Último elemento '' não é um timestamp válido. Usando tempo atual.
[1748873059562] [Service3001] Mensagem adicionada à fila (1): 1;1748873059457;1748873059494;1;1748873059494;1748...
[1748873059571] [Service3001] Sentimento detectado: Neutro
[1748873059572] [Service3001] Mensagem processada. Enviando para destino: 1;1748873059457;1748873059494;1;1748873059494;1748...
[1748873059573] [Service3001] Erro inesperado ao verificar conexão do socket: module 'socket' has no attribute 'MSG_DONTWAIT'
[1748873059576] [Service3001] [OUTBOUND_CONN] Conexão existente para localhost:1025 está inativa. Fechando e removendo.
[1748873059577] [Service3001] [OUTBOUND_CONN] Conexão ESTABELECIDA com destino: localhost:1025
[1748873059577] [Service3001] Mensagem enviada para localhost:1025: '1;1748873059457;1748873059494;1;1748873059494;1748873059494;0;1748873059550;56;RESPONSE TIME:;93;SENTIMENTO:;Neutro;1748873059560;1;1748873059560;1748873059562;2;1748873059572;10;RESPONSE TIME:;115;SENTIMENTO:;Neutro;'
[1748873059705] [Service3001] [HANDLE_CLIENT] Recebido '5' bytes de 127.0.0.1:59239. Data: 'ping'
[1748873059705] [Service3001] [HANDLE_CLIENT] Mensagem completa extraída: 'ping'
[1748873059706] [Service3001] Respondeu 'free' ao ping.
[1748873059706] [Service3001] [HANDLE_CLIENT] Recebido '147' bytes de 127.0.0.1:59239. Data: '2;1748873059664;1748873059676;1;1748873059676;1748'
[1748873059706] [Service3001] [HANDLE_CLIENT] Mensagem completa extraída: '2;1748873059664;1748873059676;1;1748873059676;1748'
[1748873059707] [Service3001] Aviso: Último elemento '' não é um timestamp válido. Usando tempo atual.
[1748873059708] [Service3001] Mensagem adicionada à fila (1): 2;1748873059664;1748873059676;1;1748873059676;1748...
[1748873059724] [Service3001] Sentimento detectado: Neutro
[1748873059724] [Service3001] Mensagem processada. Enviando para destino: 2;1748873059664;1748873059676;1;1748873059676;1748...
[1748873059724] [Service3001] Erro inesperado ao verificar conexão do socket: module 'socket' has no attribute 'MSG_DONTWAIT'
[1748873059725] [Service3001] [OUTBOUND_CONN] Conexão existente para localhost:1025 está inativa. Fechando e removendo.
[1748873059728] [Service3001] [OUTBOUND_CONN] Conexão ESTABELECIDA com destino: localhost:1025
[1748873059728] [Service3001] Mensagem enviada para localhost:1025: '2;1748873059664;1748873059676;1;1748873059676;1748873059678;2;1748873059693;15;RESPONSE TIME:;29;SENTIMENTO:;Neutro;1748873059706;0;1748873059706;1748873059708;1;1748873059724;16;RESPONSE TIME:;60;SENTIMENTO:;Neutro;'
[1748873059910] [Service3001] [HANDLE_CLIENT] Recebido '5' bytes de 127.0.0.1:59239. Data: 'ping'
[1748873059910] [Service3001] [HANDLE_CLIENT] Mensagem completa extraída: 'ping'
[1748873059911] [Service3001] Respondeu 'free' ao ping.
[1748873059912] [Service3001] [HANDLE_CLIENT] Recebido '147' bytes de 127.0.0.1:59239. Data: '3;1748873059871;1748873059885;0;1748873059885;1748'
[1748873059913] [Service3001] [HANDLE_CLIENT] Mensagem completa extraída: '3;1748873059871;1748873059885;0;1748873059885;1748'
[1748873059914] [Service3001] Aviso: Último elemento '' não é um timestamp válido. Usando tempo atual.
[1748873059915] [Service3001] Mensagem adicionada à fila (1): 3;1748873059871;1748873059885;0;1748873059885;1748...
[1748873059935] [Service3001] Sentimento detectado: Neutro
[1748873059935] [Service3001] Mensagem processada. Enviando para destino: 3;1748873059871;1748873059885;0;1748873059885;1748...
[1748873059935] [Service3001] Erro inesperado ao verificar conexão do socket: module 'socket' has no attribute 'MSG_DONTWAIT'
[1748873059936] [Service3001] [OUTBOUND_CONN] Conexão existente para localhost:1025 está inativa. Fechando e removendo.
[1748873059938] [Service3001] [OUTBOUND_CONN] Conexão ESTABELECIDA com destino: localhost:1025
[1748873059938] [Service3001] Mensagem enviada para localhost:1025: '3;1748873059871;1748873059885;0;1748873059885;1748873059887;1;1748873059902;15;RESPONSE TIME:;31;SENTIMENTO:;Neutro;1748873059912;0;1748873059912;1748873059915;1;1748873059935;20;RESPONSE TIME:;64;SENTIMENTO:;Neutro;'
[1748873060109] [Service3001] [HANDLE_CLIENT] Recebido '5' bytes de 127.0.0.1:59239. Data: 'ping'
[1748873060109] [Service3001] [HANDLE_CLIENT] Mensagem completa extraída: 'ping'
[1748873060109] [Service3001] Respondeu 'free' ao ping.
[1748873060111] [Service3001] [HANDLE_CLIENT] Recebido '146' bytes de 127.0.0.1:59239. Data: '4;1748873060078;1748873060092;0;1748873060092;1748'
[1748873060112] [Service3001] [HANDLE_CLIENT] Mensagem completa extraída: '4;1748873060078;1748873060092;0;1748873060092;1748'
[1748873060113] [Service3001] Aviso: Último elemento '' não é um timestamp válido. Usando tempo atual.
[1748873060114] [Service3001] Mensagem adicionada à fila (1): 4;1748873060078;1748873060092;0;1748873060092;1748...
[1748873060120] [Service3001] Sentimento detectado: Neutro
[1748873060120] [Service3001] Mensagem processada. Enviando para destino: 4;1748873060078;1748873060092;0;1748873060092;1748...
[1748873060121] [Service3001] Erro inesperado ao verificar conexão do socket: module 'socket' has no attribute 'MSG_DONTWAIT'
[1748873060121] [Service3001] [OUTBOUND_CONN] Conexão existente para localhost:1025 está inativa. Fechando e removendo.
[1748873060123] [Service3001] [OUTBOUND_CONN] Conexão ESTABELECIDA com destino: localhost:1025
[1748873060123] [Service3001] Mensagem enviada para localhost:1025: '4;1748873060078;1748873060092;0;1748873060092;1748873060096;2;1748873060101;5;RESPONSE TIME:;23;SENTIMENTO:;Neutro;1748873060111;1;1748873060111;1748873060114;1;1748873060120;6;RESPONSE TIME:;42;SENTIMENTO:;Neutro;'
[1748873060319] [Service3001] [HANDLE_CLIENT] Recebido '5' bytes de 127.0.0.1:59239. Data: 'ping'
[1748873060319] [Service3001] [HANDLE_CLIENT] Mensagem completa extraída: 'ping'
[1748873060320] [Service3001] Respondeu 'free' ao ping.
[1748873060321] [Service3001] [HANDLE_CLIENT] Recebido '146' bytes de 127.0.0.1:59239. Data: '5;1748873060284;1748873060301;0;1748873060301;1748'
[1748873060321] [Service3001] [HANDLE_CLIENT] Mensagem completa extraída: '5;1748873060284;1748873060301;0;1748873060301;1748'
[1748873060322] [Service3001] Aviso: Último elemento '' não é um timestamp válido. Usando tempo atual.
[1748873060323] [Service3001] Mensagem adicionada à fila (1): 5;1748873060284;1748873060301;0;1748873060301;1748...
[1748873060329] [Service3001] Sentimento detectado: Neutro
[1748873060331] [Service3001] Mensagem processada. Enviando para destino: 5;1748873060284;1748873060301;0;1748873060301;1748...
[1748873060331] [Service3001] Erro inesperado ao verificar conexão do socket: module 'socket' has no attribute 'MSG_DONTWAIT'
[1748873060333] [Service3001] [OUTBOUND_CONN] Conexão existente para localhost:1025 está inativa. Fechando e removendo.
[1748873060334] [Service3001] [OUTBOUND_CONN] Conexão ESTABELECIDA com destino: localhost:1025
[1748873060334] [Service3001] Mensagem enviada para localhost:1025: '5;1748873060284;1748873060301;0;1748873060301;1748873060303;0;1748873060309;6;RESPONSE TIME:;25;SENTIMENTO:;Neutro;1748873060321;0;1748873060321;1748873060323;1;1748873060331;8;RESPONSE TIME:;47;SENTIMENTO:;Neutro;'
[1748873060536] [Service3001] [HANDLE_CLIENT] Recebido '5' bytes de 127.0.0.1:59239. Data: 'ping'
[1748873060536] [Service3001] [HANDLE_CLIENT] Mensagem completa extraída: 'ping'
[1748873060537] [Service3001] Respondeu 'free' ao ping.
[1748873060537] [Service3001] [HANDLE_CLIENT] Recebido '147' bytes de 127.0.0.1:59239. Data: '6;1748873060490;1748873060506;0;1748873060506;1748'
[1748873060538] [Service3001] [HANDLE_CLIENT] Mensagem completa extraída: '6;1748873060490;1748873060506;0;1748873060506;1748'
[1748873060540] [Service3001] Aviso: Último elemento '' não é um timestamp válido. Usando tempo atual.
[1748873060541] [Service3001] Mensagem adicionada à fila (1): 6;1748873060490;1748873060506;0;1748873060506;1748...
[1748873060552] [Service3001] Sentimento detectado: Neutro
[1748873060552] [Service3001] Mensagem processada. Enviando para destino: 6;1748873060490;1748873060506;0;1748873060506;1748...
[1748873060553] [Service3001] Erro inesperado ao verificar conexão do socket: module 'socket' has no attribute 'MSG_DONTWAIT'
[1748873060554] [Service3001] [OUTBOUND_CONN] Conexão existente para localhost:1025 está inativa. Fechando e removendo.
[1748873060555] [Service3001] [OUTBOUND_CONN] Conexão ESTABELECIDA com destino: localhost:1025
[1748873060555] [Service3001] Mensagem enviada para localhost:1025: '6;1748873060490;1748873060506;0;1748873060506;1748873060510;1;1748873060523;13;RESPONSE TIME:;33;SENTIMENTO:;Neutro;1748873060537;0;1748873060537;1748873060541;1;1748873060552;11;RESPONSE TIME:;62;SENTIMENTO:;Neutro;'
[1748873060740] [Service3001] [HANDLE_CLIENT] Recebido '5' bytes de 127.0.0.1:59239. Data: 'ping'
[1748873060740] [Service3001] [HANDLE_CLIENT] Mensagem completa extraída: 'ping'
[1748873060741] [Service3001] Respondeu 'free' ao ping.
[1748873060742] [Service3001] [HANDLE_CLIENT] Recebido '147' bytes de 127.0.0.1:59239. Data: '7;1748873060698;1748873060712;0;1748873060712;1748'
[1748873060742] [Service3001] [HANDLE_CLIENT] Mensagem completa extraída: '7;1748873060698;1748873060712;0;1748873060712;1748'
[1748873060743] [Service3001] Aviso: Último elemento '' não é um timestamp válido. Usando tempo atual.
[1748873060744] [Service3001] Mensagem adicionada à fila (1): 7;1748873060698;1748873060712;0;1748873060712;1748...
[1748873060752] [Service3001] Sentimento detectado: Neutro
[1748873060753] [Service3001] Mensagem processada. Enviando para destino: 7;1748873060698;1748873060712;0;1748873060712;1748...
[1748873060754] [Service3001] Erro inesperado ao verificar conexão do socket: module 'socket' has no attribute 'MSG_DONTWAIT'
[1748873060754] [Service3001] [OUTBOUND_CONN] Conexão existente para localhost:1025 está inativa. Fechando e removendo.
[1748873060755] [Service3001] [OUTBOUND_CONN] Conexão ESTABELECIDA com destino: localhost:1025
[1748873060757] [Service3001] Mensagem enviada para localhost:1025: '7;1748873060698;1748873060712;0;1748873060712;1748873060717;2;1748873060730;13;RESPONSE TIME:;32;SENTIMENTO:;Neutro;1748873060742;0;1748873060742;1748873060744;1;1748873060753;9;RESPONSE TIME:;55;SENTIMENTO:;Neutro;'
[1748873060940] [Service3001] [HANDLE_CLIENT] Recebido '5' bytes de 127.0.0.1:59239. Data: 'ping'
[1748873060940] [Service3001] [HANDLE_CLIENT] Mensagem completa extraída: 'ping'
[1748873060941] [Service3001] Respondeu 'free' ao ping.
[1748873060942] [Service3001] [HANDLE_CLIENT] Recebido '146' bytes de 127.0.0.1:59239. Data: '8;1748873060905;1748873060923;0;1748873060923;1748'
[1748873060942] [Service3001] [HANDLE_CLIENT] Mensagem completa extraída: '8;1748873060905;1748873060923;0;1748873060923;1748'
[1748873060943] [Service3001] Aviso: Último elemento '' não é um timestamp válido. Usando tempo atual.
[1748873060943] [Service3001] Mensagem adicionada à fila (1): 8;1748873060905;1748873060923;0;1748873060923;1748...
[1748873060947] [Service3001] Sentimento detectado: Neutro
[1748873060947] [Service3001] Mensagem processada. Enviando para destino: 8;1748873060905;1748873060923;0;1748873060923;1748...
[1748873060948] [Service3001] Erro inesperado ao verificar conexão do socket: module 'socket' has no attribute 'MSG_DONTWAIT'
[1748873060948] [Service3001] [OUTBOUND_CONN] Conexão existente para localhost:1025 está inativa. Fechando e removendo.
[1748873060949] [Service3001] [OUTBOUND_CONN] Conexão ESTABELECIDA com destino: localhost:1025
[1748873060949] [Service3001] Mensagem enviada para localhost:1025: '8;1748873060905;1748873060923;0;1748873060923;1748873060926;0;1748873060932;6;RESPONSE TIME:;27;SENTIMENTO:;Neutro;1748873060942;0;1748873060942;1748873060943;0;1748873060947;4;RESPONSE TIME:;42;SENTIMENTO:;Neutro;'
[1748873061155] [Service3001] [HANDLE_CLIENT] Recebido '5' bytes de 127.0.0.1:59239. Data: 'ping'
[1748873061155] [Service3001] [HANDLE_CLIENT] Mensagem completa extraída: 'ping'
[1748873061156] [Service3001] Respondeu 'free' ao ping.
[1748873061157] [Service3001] [HANDLE_CLIENT] Recebido '147' bytes de 127.0.0.1:59239. Data: '9;1748873061113;1748873061129;1;1748873061129;1748'
[1748873061157] [Service3001] [HANDLE_CLIENT] Mensagem completa extraída: '9;1748873061113;1748873061129;1;1748873061129;1748'
[1748873061159] [Service3001] Aviso: Último elemento '' não é um timestamp válido. Usando tempo atual.
[1748873061159] [Service3001] Mensagem adicionada à fila (1): 9;1748873061113;1748873061129;1;1748873061129;1748...
[1748873061173] [Service3001] Sentimento detectado: Neutro
[1748873061173] [Service3001] Mensagem processada. Enviando para destino: 9;1748873061113;1748873061129;1;1748873061129;1748...
[1748873061174] [Service3001] Erro inesperado ao verificar conexão do socket: module 'socket' has no attribute 'MSG_DONTWAIT'
[1748873061175] [Service3001] [OUTBOUND_CONN] Conexão existente para localhost:1025 está inativa. Fechando e removendo.
[1748873061176] [Service3001] [OUTBOUND_CONN] Conexão ESTABELECIDA com destino: localhost:1025
[1748873061176] [Service3001] Mensagem enviada para localhost:1025: '9;1748873061113;1748873061129;1;1748873061129;1748873061131;1;1748873061144;13;RESPONSE TIME:;31;SENTIMENTO:;Neutro;1748873061157;0;1748873061157;1748873061159;0;1748873061173;14;RESPONSE TIME:;60;SENTIMENTO:;Neutro;'
[1748873061335] [Service3001] [HANDLE_CLIENT] Cliente 127.0.0.1:59239 encerrou a conexão (recv retornou vazio).
[1748873061336] [Service3001] [HANDLE_CLIENT] Loop de recebimento encerrado para 127.0.0.1:59239.
[1748873061338] [Service3001] [HANDLE_CLIENT] Conexão de cliente 127.0.0.1:59239 fechada.
[1748873061341] [Service3001] [HANDLE_CLIENT] Finalizando tratamento de conexão para 127.0.0.1:59239.
[1748873063401] [Service3001] Conexão aceita de 127.0.0.1:59275
[1748873063402] [Service3001] [HANDLE_CLIENT] Iniciando tratamento de conexão para 127.0.0.1:59275
[1748873063423] [Service3001] [HANDLE_CLIENT] Recebido '5' bytes de 127.0.0.1:59275. Data: 'ping'
[1748873063423] [Service3001] [HANDLE_CLIENT] Mensagem completa extraída: 'ping'
[1748873063424] [Service3001] Respondeu 'free' ao ping.
[1748873063427] [Service3001] [HANDLE_CLIENT] Recebido '146' bytes de 127.0.0.1:59275. Data: '0;1748873063332;1748873063382;0;1748873063382;1748'
[1748873063427] [Service3001] [HANDLE_CLIENT] Mensagem completa extraída: '0;1748873063332;1748873063382;0;1748873063382;1748'
[1748873063429] [Service3001] Aviso: Último elemento '' não é um timestamp válido. Usando tempo atual.
[1748873063431] [Service3001] Mensagem adicionada à fila (1): 0;1748873063332;1748873063382;0;1748873063382;1748...
[1748873063442] [Service3001] Sentimento detectado: Neutro
[1748873063443] [Service3001] Mensagem processada. Enviando para destino: 0;1748873063332;1748873063382;0;1748873063382;1748...
[1748873063443] [Service3001] Erro inesperado ao verificar conexão do socket: module 'socket' has no attribute 'MSG_DONTWAIT'
[1748873063445] [Service3001] [OUTBOUND_CONN] Conexão existente para localhost:1025 está inativa. Fechando e removendo.
[1748873063447] [Service3001] [OUTBOUND_CONN] Conexão ESTABELECIDA com destino: localhost:1025
[1748873063447] [Service3001] Mensagem enviada para localhost:1025: '0;1748873063332;1748873063382;0;1748873063382;1748873063386;1;1748873063393;7;RESPONSE TIME:;61;SENTIMENTO:;Neutro;1748873063427;0;1748873063427;1748873063431;2;1748873063443;12;RESPONSE TIME:;111;SENTIMENTO:;Neutro;'
[1748873063792] [Service3001] [HANDLE_CLIENT] Recebido '5' bytes de 127.0.0.1:59275. Data: 'ping'
[1748873063792] [Service3001] [HANDLE_CLIENT] Mensagem completa extraída: 'ping'
[1748873063794] [Service3001] Respondeu 'free' ao ping.
[1748873063795] [Service3001] [HANDLE_CLIENT] Recebido '147' bytes de 127.0.0.1:59275. Data: '2;1748873063745;1748873063760;1;1748873063760;1748'
[1748873063795] [Service3001] [HANDLE_CLIENT] Mensagem completa extraída: '2;1748873063745;1748873063760;1;1748873063760;1748'
[1748873063797] [Service3001] Aviso: Último elemento '' não é um timestamp válido. Usando tempo atual.
[1748873063800] [Service3001] Mensagem adicionada à fila (1): 2;1748873063745;1748873063760;1;1748873063760;1748...
[1748873063802] [Service3001] Sentimento detectado: Neutro
[1748873063802] [Service3001] Mensagem processada. Enviando para destino: 2;1748873063745;1748873063760;1;1748873063760;1748...
[1748873063802] [Service3001] Erro inesperado ao verificar conexão do socket: module 'socket' has no attribute 'MSG_DONTWAIT'
[1748873063803] [Service3001] [OUTBOUND_CONN] Conexão existente para localhost:1025 está inativa. Fechando e removendo.
[1748873063804] [Service3001] [OUTBOUND_CONN] Conexão ESTABELECIDA com destino: localhost:1025
[1748873063804] [Service3001] Mensagem enviada para localhost:1025: '2;1748873063745;1748873063760;1;1748873063760;1748873063763;1;1748873063778;15;RESPONSE TIME:;33;SENTIMENTO:;Neutro;1748873063795;0;1748873063795;1748873063800;3;1748873063802;2;RESPONSE TIME:;57;SENTIMENTO:;Neutro;'
[1748873064186] [Service3001] [HANDLE_CLIENT] Recebido '5' bytes de 127.0.0.1:59275. Data: 'ping'
[1748873064186] [Service3001] [HANDLE_CLIENT] Mensagem completa extraída: 'ping'
[1748873064188] [Service3001] Respondeu 'free' ao ping.
[1748873064189] [Service3001] [HANDLE_CLIENT] Recebido '146' bytes de 127.0.0.1:59275. Data: '4;1748873064158;1748873064173;0;1748873064173;1748'
[1748873064189] [Service3001] [HANDLE_CLIENT] Mensagem completa extraída: '4;1748873064158;1748873064173;0;1748873064173;1748'
[1748873064191] [Service3001] Aviso: Último elemento '' não é um timestamp válido. Usando tempo atual.
[1748873064191] [Service3001] Mensagem adicionada à fila (1): 4;1748873064158;1748873064173;0;1748873064173;1748...
[1748873064203] [Service3001] Sentimento detectado: Neutro
[1748873064203] [Service3001] Mensagem processada. Enviando para destino: 4;1748873064158;1748873064173;0;1748873064173;1748...
[1748873064204] [Service3001] Erro inesperado ao verificar conexão do socket: module 'socket' has no attribute 'MSG_DONTWAIT'
[1748873064205] [Service3001] [OUTBOUND_CONN] Conexão existente para localhost:1025 está inativa. Fechando e removendo.
[1748873064207] [Service3001] [OUTBOUND_CONN] Conexão ESTABELECIDA com destino: localhost:1025
[1748873064207] [Service3001] Mensagem enviada para localhost:1025: '4;1748873064158;1748873064173;0;1748873064173;1748873064175;1;1748873064177;2;RESPONSE TIME:;19;SENTIMENTO:;Neutro;1748873064189;0;1748873064189;1748873064191;0;1748873064203;12;RESPONSE TIME:;45;SENTIMENTO:;Neutro;'
[1748873064613] [Service3001] [HANDLE_CLIENT] Recebido '5' bytes de 127.0.0.1:59275. Data: 'ping'
[1748873064613] [Service3001] [HANDLE_CLIENT] Mensagem completa extraída: 'ping'
[1748873064614] [Service3001] Respondeu 'free' ao ping.
[1748873064616] [Service3001] [HANDLE_CLIENT] Recebido '147' bytes de 127.0.0.1:59275. Data: '6;1748873064572;1748873064586;0;1748873064586;1748'
[1748873064616] [Service3001] [HANDLE_CLIENT] Mensagem completa extraída: '6;1748873064572;1748873064586;0;1748873064586;1748'
[1748873064617] [Service3001] Aviso: Último elemento '' não é um timestamp válido. Usando tempo atual.
[1748873064618] [Service3001] Mensagem adicionada à fila (1): 6;1748873064572;1748873064586;0;1748873064586;1748...
[1748873064618] [Service3001] Sentimento detectado: Neutro
[1748873064619] [Service3001] Mensagem processada. Enviando para destino: 6;1748873064572;1748873064586;0;1748873064586;1748...
[1748873064620] [Service3001] Erro inesperado ao verificar conexão do socket: module 'socket' has no attribute 'MSG_DONTWAIT'
[1748873064621] [Service3001] [OUTBOUND_CONN] Conexão existente para localhost:1025 está inativa. Fechando e removendo.
[1748873064622] [Service3001] [OUTBOUND_CONN] Conexão ESTABELECIDA com destino: localhost:1025
[1748873064622] [Service3001] Mensagem enviada para localhost:1025: '6;1748873064572;1748873064586;0;1748873064586;1748873064592;2;1748873064605;13;RESPONSE TIME:;33;SENTIMENTO:;Neutro;1748873064616;1;1748873064616;1748873064618;1;1748873064618;0;RESPONSE TIME:;46;SENTIMENTO:;Neutro;'
[1748873065028] [Service3001] [HANDLE_CLIENT] Recebido '5' bytes de 127.0.0.1:59275. Data: 'ping'
[1748873065028] [Service3001] [HANDLE_CLIENT] Mensagem completa extraída: 'ping'
[1748873065029] [Service3001] Respondeu 'free' ao ping.
[1748873065030] [Service3001] [HANDLE_CLIENT] Recebido '147' bytes de 127.0.0.1:59275. Data: '8;1748873064986;1748873065002;1;1748873065002;1748'
[1748873065030] [Service3001] [HANDLE_CLIENT] Mensagem completa extraída: '8;1748873064986;1748873065002;1;1748873065002;1748'
[1748873065031] [Service3001] Aviso: Último elemento '' não é um timestamp válido. Usando tempo atual.
[1748873065032] [Service3001] Mensagem adicionada à fila (1): 8;1748873064986;1748873065002;1;1748873065002;1748...
[1748873065044] [Service3001] Sentimento detectado: Neutro
[1748873065045] [Service3001] Mensagem processada. Enviando para destino: 8;1748873064986;1748873065002;1;1748873065002;1748...
[1748873065045] [Service3001] Erro inesperado ao verificar conexão do socket: module 'socket' has no attribute 'MSG_DONTWAIT'
[1748873065048] [Service3001] [OUTBOUND_CONN] Conexão existente para localhost:1025 está inativa. Fechando e removendo.
[1748873065050] [Service3001] [OUTBOUND_CONN] Conexão ESTABELECIDA com destino: localhost:1025
[1748873065050] [Service3001] Mensagem enviada para localhost:1025: '8;1748873064986;1748873065002;1;1748873065002;1748873065005;1;1748873065020;15;RESPONSE TIME:;34;SENTIMENTO:;Neutro;1748873065030;1;1748873065030;1748873065032;1;1748873065045;13;RESPONSE TIME:;59;SENTIMENTO:;Neutro;'
[1748873066041] [Service3001] [HANDLE_CLIENT] Timeout de leitura de 127.0.0.1:59275. Conexão ociosa.
[1748873066041] [Service3001] [HANDLE_CLIENT] Conexão de cliente 127.0.0.1:59275 fechada.
[1748873066043] [Service3001] [HANDLE_CLIENT] Finalizando tratamento de conexão para 127.0.0.1:59275.
