[1748213633623] Log iniciado para Server2 na porta 3000
[1748213633624] [Server2] Escutando na porta 3000...
[1748213633624] [Server2] Gerenciando serviço em localhost:3001
[1748213633624] [Server2] Gerenciando serviço em localhost:3002
[1748213633624] ======================================
[1748213633624] Parâmetros do Balanceador de Carga:
[1748213633624] Nome do Balanceador de Carga: Server2
[1748213633624] Porta Local: 3000
[1748213633624] Tamanho Máximo da Fila do Balanceador: 10
[1748213633624] Quantidade de Serviços (inicial): 2
[1748213633624] Endereços dos serviços gerenciados: ["TargetAddress(ip='localhost', port=3001)", "TargetAddress(ip='localhost', port=3002)"]
[1748213633624] Destino final dos serviços gerenciados: localhost:1025
[1748213633624] ======================================
[1748213633624] [Server2] Iniciando o Load Balancer.
[1748213635700] [Server2] Conexão aceita de 127.0.0.1:54042
[1748213635700] [Server2] Mensagem adicionada à fila (1/10): 0;1748213635637;1748213635639;0;1748213635639;1748...
[1748213635701] [Server2] Conexão estabelecida com sucesso para TargetAddress(ip='localhost', port=3001).
[1748213635702] [Server2] Aviso: Último elemento '' não é um timestamp válido. Usando tempo atual.
[1748213635702] [Server2] Mensagem enviada para TargetAddress(ip='localhost', port=3001): 0;1748213635637;1748213635639;0;1748213635639;1748...
[1748213635797] [Server2] Conexão aceita de 127.0.0.1:54046
[1748213635797] [Server2] Mensagem adicionada à fila (1/10): 1;1748213635737;1748213635739;0;1748213635739;1748...
[1748213635798] [Server2] Conexão estabelecida com sucesso para TargetAddress(ip='localhost', port=3002).
[1748213635798] [Server2] Aviso: Último elemento '' não é um timestamp válido. Usando tempo atual.
[1748213635798] [Server2] Mensagem enviada para TargetAddress(ip='localhost', port=3002): 1;1748213635737;1748213635739;0;1748213635739;1748...
[1748213635894] [Server2] Mensagem adicionada à fila (1/10): 2;1748213635838;1748213635838;0;1748213635838;1748...
[1748213635895] [Server2] Aviso: Último elemento '' não é um timestamp válido. Usando tempo atual.
[1748213635895] [Server2] Mensagem enviada para TargetAddress(ip='localhost', port=3001): 2;1748213635838;1748213635838;0;1748213635838;1748...
[1748213635996] [Server2] Mensagem adicionada à fila (1/10): 3;1748213635938;1748213635939;0;1748213635939;1748...
[1748213635997] [Server2] Aviso: Último elemento '' não é um timestamp válido. Usando tempo atual.
[1748213635997] [Server2] Mensagem enviada para TargetAddress(ip='localhost', port=3002): 3;1748213635938;1748213635939;0;1748213635939;1748...
[1748213636099] [Server2] Mensagem adicionada à fila (1/10): 4;1748213636038;1748213636039;0;1748213636039;1748...
[1748213636100] [Server2] Aviso: Último elemento '' não é um timestamp válido. Usando tempo atual.
[1748213636100] [Server2] Mensagem enviada para TargetAddress(ip='localhost', port=3001): 4;1748213636038;1748213636039;0;1748213636039;1748...
