[1748213631622] Log iniciado para Service2001 na porta 2001
[1748213631622] [Service2001] Escutando na porta 2001...
[1748213631622] [Service2001] Iniciando Service2001 na porta 2001...
[1748213635638] [Service2001] Conexão aceita de 127.0.0.1:53894
[1748213635639] [Service2001] Respondeu 'free' ao ping.
[1748213635639] [Service2001] Aviso: Último elemento '' não é um timestamp válido. Usando tempo atual.
[1748213635639] [Service2001] Recebido e enfileirado para processamento: 0;1748213635637;1748213635639;0;1748213635639;1748...
[1748213635699] [Service2001] Mensagem processada. Enviando para destino: 0;1748213635637;1748213635639;0;1748213635639;1748...
[1748213635700] [Service2001] Conexão estabelecida com destino: localhost:3000
[1748213635700] [Service2001] Mensagem enviada para localhost:3000: '0;1748213635637;1748213635639;0;1748213635639;1748213635639;0;1748213635699;60;'
[1748213635838] [Service2001] Respondeu 'free' ao ping.
[1748213635839] [Service2001] Aviso: Último elemento '' não é um timestamp válido. Usando tempo atual.
[1748213635839] [Service2001] Recebido e enfileirado para processamento: 2;1748213635838;1748213635838;0;1748213635838;1748...
[1748213635894] [Service2001] Mensagem processada. Enviando para destino: 2;1748213635838;1748213635838;0;1748213635838;1748...
[1748213635894] [Service2001] Mensagem enviada para localhost:3000: '2;1748213635838;1748213635838;0;1748213635838;1748213635839;0;1748213635894;55;'
[1748213636039] [Service2001] Respondeu 'free' ao ping.
[1748213636040] [Service2001] Aviso: Último elemento '' não é um timestamp válido. Usando tempo atual.
[1748213636040] [Service2001] Recebido e enfileirado para processamento: 4;1748213636038;1748213636039;0;1748213636039;1748...
[1748213636099] [Service2001] Mensagem processada. Enviando para destino: 4;1748213636038;1748213636039;0;1748213636039;1748...
[1748213636099] [Service2001] Mensagem enviada para localhost:3000: '4;1748213636038;1748213636039;0;1748213636039;1748213636040;0;1748213636099;59;'
