[1748213634626] Log iniciado para Server1 na porta 2000
[1748213634626] [Server1] Escutando na porta 2000...
[1748213634627] [Server1] Gerenciando serviço em localhost:2001
[1748213634627] [Server1] Gerenciando serviço em localhost:2002
[1748213634627] ======================================
[1748213634627] Parâmetros do Balanceador de Carga:
[1748213634627] Nome do Balanceador de Carga: Server1
[1748213634627] Porta Local: 2000
[1748213634627] Tamanho Máximo da Fila do Balanceador: 10
[1748213634627] Quantidade de Serviços (inicial): 2
[1748213634627] Endereços dos serviços gerenciados: ["TargetAddress(ip='localhost', port=2001)", "TargetAddress(ip='localhost', port=2002)"]
[1748213634627] Destino final dos serviços gerenciados: localhost:3000
[1748213634627] ======================================
[1748213634627] [Server1] Iniciando o Load Balancer.
[1748213635637] [Server1] Conexão aceita de 127.0.0.1:57648
[1748213635638] [Server1] Mensagem adicionada à fila (1/10): 0;1748213635637;...
[1748213635638] [Server1] Conexão estabelecida com sucesso para TargetAddress(ip='localhost', port=2001).
[1748213635639] [Server1] Aviso: Último elemento '' não é um timestamp válido. Usando tempo atual.
[1748213635639] [Server1] Mensagem enviada para TargetAddress(ip='localhost', port=2001): 0;1748213635637;1748213635639;0;1748213635639;...
[1748213635737] [Server1] Mensagem adicionada à fila (1/10): 1;1748213635737;...
[1748213635738] [Server1] Conexão estabelecida com sucesso para TargetAddress(ip='localhost', port=2002).
[1748213635739] [Server1] Aviso: Último elemento '' não é um timestamp válido. Usando tempo atual.
[1748213635739] [Server1] Mensagem enviada para TargetAddress(ip='localhost', port=2002): 1;1748213635737;1748213635739;0;1748213635739;...
[1748213635838] [Server1] Mensagem adicionada à fila (1/10): 2;1748213635838;...
[1748213635838] [Server1] Aviso: Último elemento '' não é um timestamp válido. Usando tempo atual.
[1748213635839] [Server1] Mensagem enviada para TargetAddress(ip='localhost', port=2001): 2;1748213635838;1748213635838;0;1748213635838;...
[1748213635938] [Server1] Mensagem adicionada à fila (1/10): 3;1748213635938;...
[1748213635939] [Server1] Aviso: Último elemento '' não é um timestamp válido. Usando tempo atual.
[1748213635939] [Server1] Mensagem enviada para TargetAddress(ip='localhost', port=2002): 3;1748213635938;1748213635939;0;1748213635939;...
[1748213636038] [Server1] Mensagem adicionada à fila (1/10): 4;1748213636038;...
[1748213636039] [Server1] Aviso: Último elemento '' não é um timestamp válido. Usando tempo atual.
[1748213636039] [Server1] Mensagem enviada para TargetAddress(ip='localhost', port=2001): 4;1748213636038;1748213636039;0;1748213636039;...
[1748213636139] [Server1] Cliente 127.0.0.1:57648 encerrou a conexão.
